Start testing: Dec 08 12:57 MSK
----------------------------------------------------------
1/4 Testing: TurkificationTest.UndefinedBehaviour
1/4 Test: TurkificationTest.UndefinedBehaviour
Command: "/home/keramicheskiy/development/University/oop/lab_1/build/tests" "--gtest_filter=TurkificationTest.UndefinedBehaviour" "--gtest_also_run_disabled_tests"
Directory: /home/keramicheskiy/development/University/oop/lab_1/build
"TurkificationTest.UndefinedBehaviour" start time: Dec 08 12:57 MSK
Output:
----------------------------------------------------------
Running main() from /home/keramicheskiy/development/University/oop/lab_1/build/_deps/googletest-src/googletest/src/gtest_main.cc
Note: Google Test filter = TurkificationTest.UndefinedBehaviour
[==========] Running 1 test from 1 test suite.
[----------] Global test environment set-up.
[----------] 1 test from TurkificationTest
[ RUN      ] TurkificationTest.UndefinedBehaviour
[       OK ] TurkificationTest.UndefinedBehaviour (0 ms)
[----------] 1 test from TurkificationTest (0 ms total)

[----------] Global test environment tear-down
[==========] 1 test from 1 test suite ran. (0 ms total)
[  PASSED  ] 1 test.
<end of output>
Test time =   0.00 sec
----------------------------------------------------------
Test Passed.
"TurkificationTest.UndefinedBehaviour" end time: Dec 08 12:57 MSK
"TurkificationTest.UndefinedBehaviour" time elapsed: 00:00:00
----------------------------------------------------------

2/4 Testing: TurkificationTest.Units
2/4 Test: TurkificationTest.Units
Command: "/home/keramicheskiy/development/University/oop/lab_1/build/tests" "--gtest_filter=TurkificationTest.Units" "--gtest_also_run_disabled_tests"
Directory: /home/keramicheskiy/development/University/oop/lab_1/build
"TurkificationTest.Units" start time: Dec 08 12:57 MSK
Output:
----------------------------------------------------------
Running main() from /home/keramicheskiy/development/University/oop/lab_1/build/_deps/googletest-src/googletest/src/gtest_main.cc
Note: Google Test filter = TurkificationTest.Units
[==========] Running 1 test from 1 test suite.
[----------] Global test environment set-up.
[----------] 1 test from TurkificationTest
[ RUN      ] TurkificationTest.Units
[       OK ] TurkificationTest.Units (0 ms)
[----------] 1 test from TurkificationTest (0 ms total)

[----------] Global test environment tear-down
[==========] 1 test from 1 test suite ran. (0 ms total)
[  PASSED  ] 1 test.
<end of output>
Test time =   0.00 sec
----------------------------------------------------------
Test Passed.
"TurkificationTest.Units" end time: Dec 08 12:57 MSK
"TurkificationTest.Units" time elapsed: 00:00:00
----------------------------------------------------------

3/4 Testing: TurkificationTest.Tens
3/4 Test: TurkificationTest.Tens
Command: "/home/keramicheskiy/development/University/oop/lab_1/build/tests" "--gtest_filter=TurkificationTest.Tens" "--gtest_also_run_disabled_tests"
Directory: /home/keramicheskiy/development/University/oop/lab_1/build
"TurkificationTest.Tens" start time: Dec 08 12:57 MSK
Output:
----------------------------------------------------------
Running main() from /home/keramicheskiy/development/University/oop/lab_1/build/_deps/googletest-src/googletest/src/gtest_main.cc
Note: Google Test filter = TurkificationTest.Tens
[==========] Running 1 test from 1 test suite.
[----------] Global test environment set-up.
[----------] 1 test from TurkificationTest
[ RUN      ] TurkificationTest.Tens
[       OK ] TurkificationTest.Tens (0 ms)
[----------] 1 test from TurkificationTest (0 ms total)

[----------] Global test environment tear-down
[==========] 1 test from 1 test suite ran. (0 ms total)
[  PASSED  ] 1 test.
<end of output>
Test time =   0.00 sec
----------------------------------------------------------
Test Passed.
"TurkificationTest.Tens" end time: Dec 08 12:57 MSK
"TurkificationTest.Tens" time elapsed: 00:00:00
----------------------------------------------------------

4/4 Testing: TurkificationTest.CompositeNumbers
4/4 Test: TurkificationTest.CompositeNumbers
Command: "/home/keramicheskiy/development/University/oop/lab_1/build/tests" "--gtest_filter=TurkificationTest.CompositeNumbers" "--gtest_also_run_disabled_tests"
Directory: /home/keramicheskiy/development/University/oop/lab_1/build
"TurkificationTest.CompositeNumbers" start time: Dec 08 12:57 MSK
Output:
----------------------------------------------------------
Running main() from /home/keramicheskiy/development/University/oop/lab_1/build/_deps/googletest-src/googletest/src/gtest_main.cc
Note: Google Test filter = TurkificationTest.CompositeNumbers
[==========] Running 1 test from 1 test suite.
[----------] Global test environment set-up.
[----------] 1 test from TurkificationTest
[ RUN      ] TurkificationTest.CompositeNumbers
[       OK ] TurkificationTest.CompositeNumbers (0 ms)
[----------] 1 test from TurkificationTest (0 ms total)

[----------] Global test environment tear-down
[==========] 1 test from 1 test suite ran. (0 ms total)
[  PASSED  ] 1 test.
<end of output>
Test time =   0.00 sec
----------------------------------------------------------
Test Passed.
"TurkificationTest.CompositeNumbers" end time: Dec 08 12:57 MSK
"TurkificationTest.CompositeNumbers" time elapsed: 00:00:00
----------------------------------------------------------

End testing: Dec 08 12:57 MSK
